<?xml version="1.0" encoding="UTF-8"?>
<!-- Generated by org.testng.reporters.JUnitReportReporter -->
<testsuite skipped="0" hostname="ITPL105" name="com.beekee.page.BeeKee_ReceiveInvitesPage" tests="1" failures="1" timestamp="2021-03-23T19:44:21 IST" time="166.610" errors="0">
  <testcase name="login" time="166.610" classname="com.beekee.page.BeeKee_ReceiveInvitesPage">
    <failure type="java.lang.AssertionError" message="No Pending Received Invites to perform Accept/Decline  0">
      <![CDATA[java.lang.AssertionError: No Pending Received Invites to perform Accept/Decline  0
at org.testng.Assert.fail(Assert.java:99)
at com.beekee.page.BeeKee_ReceiveInvitesPage.verifyReceivedInvitesAction(BeeKee_ReceiveInvitesPage.java:41)
at com.beekee.page.BeeKee_ReceiveInvitesPage.login(BeeKee_ReceiveInvitesPage.java:61)
at sun.reflect.NativeMethodAccessorImpl.invoke0(Native Method)
at sun.reflect.NativeMethodAccessorImpl.invoke(Unknown Source)
at sun.reflect.DelegatingMethodAccessorImpl.invoke(Unknown Source)
at java.lang.reflect.Method.invoke(Unknown Source)
at org.testng.internal.MethodInvocationHelper.invokeMethod(MethodInvocationHelper.java:132)
at org.testng.internal.TestInvoker.invokeMethod(TestInvoker.java:599)
at org.testng.internal.TestInvoker.invokeTestMethod(TestInvoker.java:174)
at org.testng.internal.MethodRunner.runInSequence(MethodRunner.java:46)
at org.testng.internal.TestInvoker$MethodInvocationAgent.invoke(TestInvoker.java:822)
at org.testng.internal.TestInvoker.invokeTestMethods(TestInvoker.java:147)
at org.testng.internal.TestMethodWorker.invokeTestMethods(TestMethodWorker.java:146)
at org.testng.internal.TestMethodWorker.run(TestMethodWorker.java:128)
at java.util.ArrayList.forEach(Unknown Source)
at org.testng.TestRunner.privateRun(TestRunner.java:764)
at org.testng.TestRunner.run(TestRunner.java:585)
at org.testng.SuiteRunner.runTest(SuiteRunner.java:384)
at org.testng.SuiteRunner.runSequentially(SuiteRunner.java:378)
at org.testng.SuiteRunner.privateRun(SuiteRunner.java:337)
at org.testng.SuiteRunner.run(SuiteRunner.java:286)
at org.testng.SuiteRunnerWorker.runSuite(SuiteRunnerWorker.java:53)
at org.testng.SuiteRunnerWorker.run(SuiteRunnerWorker.java:96)
at org.testng.TestNG.runSuitesSequentially(TestNG.java:1218)
at org.testng.TestNG.runSuitesLocally(TestNG.java:1140)
at org.testng.TestNG.runSuites(TestNG.java:1069)
at org.testng.TestNG.run(TestNG.java:1037)
at org.testng.remote.AbstractRemoteTestNG.run(AbstractRemoteTestNG.java:115)
at org.testng.remote.RemoteTestNG.initAndRun(RemoteTestNG.java:251)
at org.testng.remote.RemoteTestNG.main(RemoteTestNG.java:77)
]]>
    </failure>
  </testcase> <!-- login -->
  <system-out>
STEP1 STEP2 STEP3 STEP4 STEP5 STEP6 STEP7 STEP8 STEP9 STEP10 STEP11 STEP12 STEP13 STEP14 STEP15 STEP16 STEP17 STEP18 STEP19 STEP20 STEP21 STEP22 STEP23 STEP24 STEP25 STEP26 STEP27 STEP28 STEP29 STEP30 STEP31 STEP32 STEP33 STEP34 STEP35 STEP36 STEP37 STEP38 STEP39 STEP40 STEP41 STEP42 STEP43 STEP44 STEP45 STEP46 STEP47 STEP48 STEP49 STEP50 STEP51 STEP52 STEP53 STEP54 STEP55 STEP56 STEP57 STEP58 STEP59 STEP60 STEP61 STEP62 STEP63 STEP64 STEP65 STEP66 STEP67 STEP68 STEP69 STEP70 STEP71 STEP72 STEP73 STEP74 STEP75 STEP76  </system-out>
</testsuite> <!-- com.beekee.page.BeeKee_ReceiveInvitesPage -->
